#
# There is insufficient memory for the Java Runtime Environment to continue.
# Native memory allocation (malloc) failed to allocate 32784 bytes for Chunk::new
# Possible reasons:
#   The system is out of physical RAM or swap space
#   In 32 bit mode, the process size limit was hit
# Possible solutions:
#   Reduce memory load on the system
#   Increase physical memory or swap space
#   Check if swap backing store is full
#   Use 64 bit Java on a 64 bit OS
#   Decrease Java heap size (-Xmx/-Xms)
#   Decrease number of Java threads
#   Decrease Java thread stack sizes (-Xss)
#   Set larger code cache with -XX:ReservedCodeCacheSize=
# This output file may be truncated or incomplete.
#
#  Out of Memory Error (allocation.cpp:390), pid=3984, tid=4304
#
# JRE version: Java(TM) SE Runtime Environment (8.0_31-b13) (build 1.8.0_31-b13)
# Java VM: Java HotSpot(TM) 64-Bit Server VM (25.31-b07 mixed mode windows-amd64 compressed oops)
# Failed to write core dump. Minidumps are not enabled by default on client versions of Windows
#

---------------  T H R E A D  ---------------

Current thread (0x0000000016b68000):  JavaThread "C2 CompilerThread0" daemon [_thread_in_native, id=4304, stack(0x0000000017140000,0x0000000017240000)]

Stack: [0x0000000017140000,0x0000000017240000]
Native frames: (J=compiled Java code, j=interpreted, Vv=VM code, C=native code)
V  [jvm.dll+0x3169ba]


Current CompileTask:
C2:   3411 1231       4       com.android.dx.ssa.SCCP::simulateStmt (481 bytes)


---------------  P R O C E S S  ---------------

Java Threads: ( => current thread )
  0x0000000016d2c000 JavaThread "pool-1-thread-4" [_thread_in_Java, id=2828, stack(0x0000000017b40000,0x0000000017c40000)]
  0x0000000016d22000 JavaThread "pool-1-thread-3" [_thread_in_Java, id=4372, stack(0x0000000017a40000,0x0000000017b40000)]
  0x0000000016d21000 JavaThread "pool-1-thread-2" [_thread_in_Java, id=7616, stack(0x0000000017940000,0x0000000017a40000)]
  0x0000000016d1e000 JavaThread "pool-2-thread-1" [_thread_blocked, id=5640, stack(0x0000000017840000,0x0000000017940000)]
  0x0000000016d1d800 JavaThread "pool-1-thread-1" [_thread_in_Java, id=5832, stack(0x0000000017740000,0x0000000017840000)]
  0x0000000016bcb000 JavaThread "Service Thread" daemon [_thread_blocked, id=6072, stack(0x0000000017540000,0x0000000017640000)]
  0x0000000016bc1000 JavaThread "C1 CompilerThread3" daemon [_thread_blocked, id=9988, stack(0x0000000017440000,0x0000000017540000)]
  0x0000000016bbe800 JavaThread "C2 CompilerThread2" daemon [_thread_in_native, id=5448, stack(0x0000000017340000,0x0000000017440000)]
  0x0000000016bbc800 JavaThread "C2 CompilerThread1" daemon [_thread_in_native, id=8564, stack(0x0000000017240000,0x0000000017340000)]
=>0x0000000016b68000 JavaThread "C2 CompilerThread0" daemon [_thread_in_native, id=4304, stack(0x0000000017140000,0x0000000017240000)]
  0x0000000016b65800 JavaThread "Attach Listener" daemon [_thread_blocked, id=3120, stack(0x0000000017040000,0x0000000017140000)]
  0x0000000016b64800 JavaThread "Signal Dispatcher" daemon [_thread_blocked, id=5276, stack(0x0000000016f40000,0x0000000017040000)]
  0x0000000014b7c000 JavaThread "Finalizer" daemon [_thread_blocked, id=1924, stack(0x0000000016a40000,0x0000000016b40000)]
  0x0000000002053800 JavaThread "Reference Handler" daemon [_thread_blocked, id=6168, stack(0x0000000016940000,0x0000000016a40000)]
  0x0000000001f61000 JavaThread "main" [_thread_in_Java, id=9492, stack(0x0000000001e60000,0x0000000001f60000)]

Other Threads:
  0x0000000014b78800 VMThread [stack: 0x0000000016840000,0x0000000016940000] [id=6864]
  0x0000000016bce000 WatcherThread [stack: 0x0000000017640000,0x0000000017740000] [id=6124]

VM state:not at safepoint (normal execution)

VM Mutex/Monitor currently owned by a thread: None

Heap:
 PSYoungGen      total 38400K, used 15230K [0x00000000eab00000, 0x00000000ed580000, 0x0000000100000000)
  eden space 33280K, 30% used [0x00000000eab00000,0x00000000eb4e1e20,0x00000000ecb80000)
  from space 5120K, 99% used [0x00000000ecb80000,0x00000000ed07dc88,0x00000000ed080000)
  to   space 5120K, 0% used [0x00000000ed080000,0x00000000ed080000,0x00000000ed580000)
 ParOldGen       total 87552K, used 1627K [0x00000000c0000000, 0x00000000c5580000, 0x00000000eab00000)
  object space 87552K, 1% used [0x00000000c0000000,0x00000000c0196e08,0x00000000c5580000)
 Metaspace       used 5854K, capacity 6960K, committed 7040K, reserved 1056768K
  class space    used 578K, capacity 616K, committed 640K, reserved 1048576K

Card table byte_map: [0x0000000011420000,0x0000000011630000] byte_map_base: 0x0000000010e20000

Marking Bits: (ParMarkBitMap*) 0x000000006b23d4f0
 Begin Bits: [0x0000000011f90000, 0x0000000012f90000)
 End Bits:   [0x0000000012f90000, 0x0000000013f90000)

Polling page: 0x00000000004b0000

CodeCache: size=245760Kb used=5406Kb max_used=5406Kb free=240353Kb
 bounds [0x0000000002060000, 0x00000000025b0000, 0x0000000011060000]
 total_blobs=1569 nmethods=1305 adapters=178
 compilation: enabled

Compilation events (10 events):
Event: 3.392 Thread 0x0000000016bc1000 1296       1       com.android.dx.cf.attrib.InnerClassList$Item::getInnerClass (5 bytes)
Event: 3.392 Thread 0x0000000016bc1000 nmethod 1296 0x000000000259ff10 code [0x00000000025a0060, 0x00000000025a0170]
Event: 3.392 Thread 0x0000000016bc1000 1305       1       com.android.dx.dex.code.RopTranslator::access$100 (5 bytes)
Event: 3.392 Thread 0x0000000016bc1000 nmethod 1305 0x00000000025a01d0 code [0x00000000025a0320, 0x00000000025a0410]
Event: 3.392 Thread 0x0000000016bc1000 1286       1       com.android.dx.cf.code.ByteCatchList$Item::getStartPc (5 bytes)
Event: 3.392 Thread 0x0000000016bc1000 nmethod 1286 0x00000000025a0490 code [0x00000000025a05e0, 0x00000000025a06f0]
Event: 3.392 Thread 0x0000000016bc1000 1287       1       com.android.dx.cf.code.ByteCatchList$Item::getEndPc (5 bytes)
Event: 3.392 Thread 0x0000000016bc1000 nmethod 1287 0x00000000025a0750 code [0x00000000025a08a0, 0x00000000025a09b0]
Event: 3.397 Thread 0x0000000016bc1000 1308       3       java.util.TreeMap::containsKey (14 bytes)
Event: 3.397 Thread 0x0000000016bc1000 nmethod 1308 0x00000000025a0a10 code [0x00000000025a0b80, 0x00000000025a0de8]

GC Heap History (2 events):
Event: 3.014 GC heap before
{Heap before GC invocations=1 (full 0):
 PSYoungGen      total 38400K, used 33280K [0x00000000eab00000, 0x00000000ed580000, 0x0000000100000000)
  eden space 33280K, 100% used [0x00000000eab00000,0x00000000ecb80000,0x00000000ecb80000)
  from space 5120K, 0% used [0x00000000ed080000,0x00000000ed080000,0x00000000ed580000)
  to   space 5120K, 0% used [0x00000000ecb80000,0x00000000ecb80000,0x00000000ed080000)
 ParOldGen       total 87552K, used 0K [0x00000000c0000000, 0x00000000c5580000, 0x00000000eab00000)
  object space 87552K, 0% used [0x00000000c0000000,0x00000000c0000000,0x00000000c5580000)
 Metaspace       used 5832K, capacity 6960K, committed 7040K, reserved 1056768K
  class space    used 578K, capacity 616K, committed 640K, reserved 1048576K
Event: 3.320 GC heap after
Heap after GC invocations=1 (full 0):
 PSYoungGen      total 38400K, used 5111K [0x00000000eab00000, 0x00000000ed580000, 0x0000000100000000)
  eden space 33280K, 0% used [0x00000000eab00000,0x00000000eab00000,0x00000000ecb80000)
  from space 5120K, 99% used [0x00000000ecb80000,0x00000000ed07dc88,0x00000000ed080000)
  to   space 5120K, 0% used [0x00000000ed080000,0x00000000ed080000,0x00000000ed580000)
 ParOldGen       total 87552K, used 1627K [0x00000000c0000000, 0x00000000c5580000, 0x00000000eab00000)
  object space 87552K, 1% used [0x00000000c0000000,0x00000000c0196e08,0x00000000c5580000)
 Metaspace       used 5832K, capacity 6960K, committed 7040K, reserved 1056768K
  class space    used 578K, capacity 616K, committed 640K, reserved 1048576K
}

Deoptimization events (6 events):
Event: 1.733 Thread 0x0000000016d22000 Uncommon trap: reason=class_check action=maybe_recompile pc=0x000000000228ae30 method=com.android.dx.ssa.NormalSsaInsn.accept(Lcom/android/dx/ssa/SsaInsn$Visitor;)V @ 9
Event: 1.733 Thread 0x0000000016d22000 Uncommon trap: reason=class_check action=maybe_recompile pc=0x000000000228ae30 method=com.android.dx.ssa.NormalSsaInsn.accept(Lcom/android/dx/ssa/SsaInsn$Visitor;)V @ 9
Event: 1.733 Thread 0x0000000016d22000 Uncommon trap: reason=class_check action=maybe_recompile pc=0x000000000228ae30 method=com.android.dx.ssa.NormalSsaInsn.accept(Lcom/android/dx/ssa/SsaInsn$Visitor;)V @ 9
Event: 1.800 Thread 0x0000000016d1d800 Uncommon trap: reason=unreached action=reinterpret pc=0x0000000002362988 method=java.util.HashMap.putVal(ILjava/lang/Object;Ljava/lang/Object;ZZ)Ljava/lang/Object; @ 193
Event: 2.661 Thread 0x0000000016d1d800 Uncommon trap: reason=unreached action=reinterpret pc=0x00000000024885dc method=com.android.dx.ssa.SsaMethod.updateOneDefinition(Lcom/android/dx/ssa/SsaInsn;Lcom/android/dx/rop/code/RegisterSpec;)V @ 4
Event: 2.781 Thread 0x0000000016d21000 Uncommon trap: reason=uninitialized action=reinterpret pc=0x000000000253c6d8 method=com.android.dx.cf.code.BytecodeArray.parseInstruction(ILcom/android/dx/cf/code/BytecodeArray$Visitor;)I @ 999

Internal exceptions (10 events):
Event: 1.429 Thread 0x0000000016d2c000 Exception <a 'java/security/PrivilegedActionException'> (0x00000000eb4970c0) thrown at [C:\workspace\8-2-build-windows-amd64-cygwin\jdk8u31\2394\hotspot\src\share\vm\prims\jvm.cpp, line 1312]
Event: 1.430 Thread 0x0000000016d2c000 Exception <a 'java/security/PrivilegedActionException'> (0x00000000eb49d0c0) thrown at [C:\workspace\8-2-build-windows-amd64-cygwin\jdk8u31\2394\hotspot\src\share\vm\prims\jvm.cpp, line 1312]
Event: 1.432 Thread 0x0000000016d22000 Exception <a 'java/security/PrivilegedActionException'> (0x00000000eb503920) thrown at [C:\workspace\8-2-build-windows-amd64-cygwin\jdk8u31\2394\hotspot\src\share\vm\prims\jvm.cpp, line 1312]
Event: 1.433 Thread 0x0000000016d22000 Exception <a 'java/security/PrivilegedActionException'> (0x00000000eb509200) thrown at [C:\workspace\8-2-build-windows-amd64-cygwin\jdk8u31\2394\hotspot\src\share\vm\prims\jvm.cpp, line 1312]
Event: 1.448 Thread 0x0000000016d2c000 Exception <a 'java/security/PrivilegedActionException'> (0x00000000eb4a4c60) thrown at [C:\workspace\8-2-build-windows-amd64-cygwin\jdk8u31\2394\hotspot\src\share\vm\prims\jvm.cpp, line 1312]
Event: 1.459 Thread 0x0000000016d2c000 Exception <a 'java/security/PrivilegedActionException'> (0x00000000eb4c1930) thrown at [C:\workspace\8-2-build-windows-amd64-cygwin\jdk8u31\2394\hotspot\src\share\vm\prims\jvm.cpp, line 1312]
Event: 1.602 Thread 0x0000000001f61000 Exception <a 'java/security/PrivilegedActionException'> (0x00000000eb8203c0) thrown at [C:\workspace\8-2-build-windows-amd64-cygwin\jdk8u31\2394\hotspot\src\share\vm\prims\jvm.cpp, line 1312]
Event: 1.673 Thread 0x0000000016d22000 Exception <a 'java/security/PrivilegedActionException'> (0x00000000eb8ecc60) thrown at [C:\workspace\8-2-build-windows-amd64-cygwin\jdk8u31\2394\hotspot\src\share\vm\prims\jvm.cpp, line 1312]
Event: 1.763 Thread 0x0000000016d22000 Exception <a 'java/security/PrivilegedActionException'> (0x00000000eba17210) thrown at [C:\workspace\8-2-build-windows-amd64-cygwin\jdk8u31\2394\hotspot\src\share\vm\prims\jvm.cpp, line 1312]
Event: 2.660 Thread 0x0000000016d1d800 Exception <a 'java/security/PrivilegedActionException'> (0x00000000ec6c6200) thrown at [C:\workspace\8-2-build-windows-amd64-cygwin\jdk8u31\2394\hotspot\src\share\vm\prims\jvm.cpp, line 1312]

Events (10 events):
Event: 2.661 Thread 0x0000000016d1d800 DEOPT UNPACKING pc=0x00000000020a556a sp=0x000000001783e518 mode 2
Event: 2.781 Thread 0x0000000016d21000 Uncommon trap: trap_request=0xffffffb5 fr.pc=0x000000000253c6d8
Event: 2.781 Thread 0x0000000016d21000 DEOPT PACKING pc=0x000000000253c6d8 sp=0x0000000017a3e5f0
Event: 2.782 Thread 0x0000000016d21000 DEOPT UNPACKING pc=0x00000000020a556a sp=0x0000000017a3e590 mode 2
Event: 2.816 Executing VM operation: ParallelGCFailedAllocation
Event: 3.320 Executing VM operation: ParallelGCFailedAllocation done
Event: 3.325 Thread 0x0000000016d1d800 DEOPT PACKING pc=0x00000000023c0931 sp=0x000000001783e7a0
Event: 3.325 Thread 0x0000000016d1d800 DEOPT UNPACKING pc=0x00000000020a75bf sp=0x000000001783e568 mode 0
Event: 3.350 Thread 0x0000000001f61000 DEOPT PACKING pc=0x00000000023c0931 sp=0x0000000001f5e210
Event: 3.350 Thread 0x0000000001f61000 DEOPT UNPACKING pc=0x00000000020a75bf sp=0x0000000001f5dfd8 mode 0


Dynamic libraries:
0x00007ff6bec00000 - 0x00007ff6bec34000 	C:\Program Files\Java\jdk1.8.0_31\bin\java.exe
0x00007fff6e010000 - 0x00007fff6e1bd000 	C:\Windows\SYSTEM32\ntdll.dll
0x00007fff6d530000 - 0x00007fff6d66e000 	C:\Windows\system32\KERNEL32.DLL
0x00007fff6b450000 - 0x00007fff6b565000 	C:\Windows\system32\KERNELBASE.dll
0x00007fff69ca0000 - 0x00007fff69d2e000 	C:\Windows\system32\apphelp.dll
0x00007fff59fa0000 - 0x00007fff59ff3000 	C:\Windows\AppPatch\AppPatch64\AcGenral.DLL
0x00007fff6ba50000 - 0x00007fff6bafa000 	C:\Windows\system32\msvcrt.dll
0x00007fff6b5c0000 - 0x00007fff6b5ee000 	C:\Windows\system32\SspiCli.dll
0x00007fff6d670000 - 0x00007fff6d6c4000 	C:\Windows\system32\SHLWAPI.dll
0x00007fff6dc40000 - 0x00007fff6ddb7000 	C:\Windows\system32\USER32.dll
0x00007fff6b840000 - 0x00007fff6b9d4000 	C:\Windows\system32\ole32.dll
0x00007fff6bc40000 - 0x00007fff6d169000 	C:\Windows\system32\SHELL32.dll
0x00007fff6a570000 - 0x00007fff6a591000 	C:\Windows\SYSTEM32\USERENV.dll
0x00007fff6d8b0000 - 0x00007fff6d95a000 	C:\Windows\system32\ADVAPI32.dll
0x00007fff5d670000 - 0x00007fff5d68e000 	C:\Windows\SYSTEM32\MPR.dll
0x00007fff6bb00000 - 0x00007fff6bc40000 	C:\Windows\system32\RPCRT4.dll
0x00007fff6dbe0000 - 0x00007fff6dc39000 	C:\Windows\SYSTEM32\sechost.dll
0x00007fff6d960000 - 0x00007fff6db71000 	C:\Windows\SYSTEM32\combase.dll
0x00007fff6b6f0000 - 0x00007fff6b83f000 	C:\Windows\system32\GDI32.dll
0x00007fff6b140000 - 0x00007fff6b155000 	C:\Windows\SYSTEM32\profapi.dll
0x00007fff69bb0000 - 0x00007fff69c62000 	C:\Windows\SYSTEM32\SHCORE.dll
0x00007fff6b6b0000 - 0x00007fff6b6e6000 	C:\Windows\system32\IMM32.DLL
0x00007fff6dea0000 - 0x00007fff6dff2000 	C:\Windows\system32\MSCTF.dll
0x00007fff6b0f0000 - 0x00007fff6b121000 	C:\Windows\system32\nvinitx.dll
0x00007fff6b0e0000 - 0x00007fff6b0ea000 	C:\Windows\SYSTEM32\VERSION.dll
0x000000006ee90000 - 0x000000006ee96000 	C:\Program Files\NVIDIA Corporation\CoProcManager\_etoured.dll
0x00007fff68660000 - 0x00007fff68692000 	C:\Program Files\NVIDIA Corporation\CoProcManager\nvd3d9wrapx.dll
0x00007fff6d6d0000 - 0x00007fff6d8aa000 	C:\Windows\system32\SETUPAPI.dll
0x00007fff6b570000 - 0x00007fff6b5bf000 	C:\Windows\system32\CFGMGR32.dll
0x00007fff68630000 - 0x00007fff68652000 	C:\Program Files\NVIDIA Corporation\CoProcManager\nvdxgiwrapx.dll
0x00007fff691e0000 - 0x00007fff6945b000 	C:\Windows\WinSxS\amd64_microsoft.windows.common-controls_6595b64144ccf1df_6.0.9600.18006_none_623f33d3ecbe86e8\COMCTL32.dll
0x000000006b2c0000 - 0x000000006b392000 	C:\Program Files\Java\jdk1.8.0_31\jre\bin\msvcr100.dll
0x000000006aa60000 - 0x000000006b2ba000 	C:\Program Files\Java\jdk1.8.0_31\jre\bin\server\jvm.dll
0x00007fff63160000 - 0x00007fff63169000 	C:\Windows\SYSTEM32\WSOCK32.dll
0x00007fff68b80000 - 0x00007fff68ba2000 	C:\Windows\SYSTEM32\WINMM.dll
0x00007fff6e000000 - 0x00007fff6e007000 	C:\Windows\system32\PSAPI.DLL
0x00007fff6db80000 - 0x00007fff6dbda000 	C:\Windows\system32\WS2_32.dll
0x00007fff68b50000 - 0x00007fff68b7a000 	C:\Windows\SYSTEM32\WINMMBASE.dll
0x00007fff6b6a0000 - 0x00007fff6b6a9000 	C:\Windows\system32\NSI.dll
0x00007fff69f20000 - 0x00007fff69f48000 	C:\Windows\SYSTEM32\DEVOBJ.dll
0x000000006aa50000 - 0x000000006aa5f000 	C:\Program Files\Java\jdk1.8.0_31\jre\bin\verify.dll
0x000000006aa20000 - 0x000000006aa48000 	C:\Program Files\Java\jdk1.8.0_31\jre\bin\java.dll
0x000000006aa00000 - 0x000000006aa16000 	C:\Program Files\Java\jdk1.8.0_31\jre\bin\zip.dll

VM Arguments:
jvm_args: -Xmx1024M -Dfile.encoding=windows-1252 -Duser.country=US -Duser.language=en -Duser.variant 
java_command: com.android.dx.command.Main --dex --num-threads=4 --output C:\Users\Ngoc Nguyen\Desktop\Android Project\MoonlightCafe\MoonlightCafe\app\build\intermediates\pre-dexed\debug\classes-e23aa69e1380762b1e98ed4f1203fa668566d4ce.jar C:\Users\Ngoc Nguyen\Desktop\Android Project\MoonlightCafe\MoonlightCafe\app\build\intermediates\exploded-aar\com.google.android.gms\play-services-vision\7.8.0\jars\classes.jar
java_class_path (initial): D:\Android\sdk\build-tools\23.0.0\lib\dx.jar
Launcher Type: SUN_STANDARD

Environment Variables:
PATH=C:\ProgramData\Oracle\Java\javapath;C:\Windows\system32;C:\Windows;C:\Windows\System32\Wbem;C:\Windows\System32\WindowsPowerShell\v1.0\;C:\Program Files (x86)\NVIDIA Corporation\PhysX\Common;C:\Program Files\Java\jdk1.8.0_71\bin;C:\Program Files (x86)\Skype\Phone\;C:\Program Files\Microsoft SQL Server\120\Tools\Binn\;C:\Program Files\Microsoft SQL Server\130\Tools\Binn\;C:\Program Files (x86)\Windows Kits\10\Windows Performance Toolkit\;C:\Program Files (x86)\GtkSharp\2.12\bin;D:\nodejs\;C:\Users\Ngoc Nguyen\AppData\Roaming\npm
USERNAME=Ngoc Nguyen account
OS=Windows_NT
PROCESSOR_IDENTIFIER=Intel64 Family 6 Model 58 Stepping 9, GenuineIntel



---------------  S Y S T E M  ---------------

OS: Windows 8.1 , 64 bit Build 9600 

CPU:total 8 (4 cores per cpu, 2 threads per core) family 6 model 58 stepping 9, cmov, cx8, fxsr, mmx, sse, sse2, sse3, ssse3, sse4.1, sse4.2, popcnt, avx, aes, clmul, erms, ht, tsc, tscinvbit, tscinv

Memory: 4k page, physical 8271356k(1367192k free), swap 11417084k(5100k free)

vm_info: Java HotSpot(TM) 64-Bit Server VM (25.31-b07) for windows-amd64 JRE (1.8.0_31-b13), built on Dec 17 2014 21:00:28 by "java_re" with MS VC++ 10.0 (VS2010)

time: Sun Oct 02 21:48:12 2016
elapsed time: 3 seconds (0d 0h 0m 3s)

