#
# There is insufficient memory for the Java Runtime Environment to continue.
# Native memory allocation (malloc) failed to allocate 594896 bytes for Chunk::new
# Possible reasons:
#   The system is out of physical RAM or swap space
#   In 32 bit mode, the process size limit was hit
# Possible solutions:
#   Reduce memory load on the system
#   Increase physical memory or swap space
#   Check if swap backing store is full
#   Use 64 bit Java on a 64 bit OS
#   Decrease Java heap size (-Xmx/-Xms)
#   Decrease number of Java threads
#   Decrease Java thread stack sizes (-Xss)
#   Set larger code cache with -XX:ReservedCodeCacheSize=
# This output file may be truncated or incomplete.
#
#  Out of Memory Error (allocation.cpp:390), pid=5616, tid=5640
#
# JRE version: Java(TM) SE Runtime Environment (8.0_31-b13) (build 1.8.0_31-b13)
# Java VM: Java HotSpot(TM) 64-Bit Server VM (25.31-b07 mixed mode windows-amd64 compressed oops)
# Failed to write core dump. Minidumps are not enabled by default on client versions of Windows
#

---------------  T H R E A D  ---------------

Current thread (0x0000000016a23800):  JavaThread "C2 CompilerThread2" daemon [_thread_in_native, id=5640, stack(0x00000000171c0000,0x00000000172c0000)]

Stack: [0x00000000171c0000,0x00000000172c0000]
Native frames: (J=compiled Java code, j=interpreted, Vv=VM code, C=native code)
V  [jvm.dll+0x3169ba]
V  [jvm.dll+0x2674c3]
V  [jvm.dll+0x268103]
V  [jvm.dll+0x25f8f5]
V  [jvm.dll+0xbf025]
V  [jvm.dll+0xbf4cc]
V  [jvm.dll+0x45df82]
V  [jvm.dll+0x49f21f]
V  [jvm.dll+0x453401]
V  [jvm.dll+0x454124]
V  [jvm.dll+0x437c62]
V  [jvm.dll+0x988e2]
V  [jvm.dll+0x990d3]
V  [jvm.dll+0x22c194]
V  [jvm.dll+0x28576a]
C  [msvcr100.dll+0x21d9f]
C  [msvcr100.dll+0x21e3b]
C  [KERNEL32.DLL+0x13d2]
C  [ntdll.dll+0x154e4]


Current CompileTask:
C2:   2354  678       4       com.android.dx.ssa.NormalSsaInsn::accept (25 bytes)


---------------  P R O C E S S  ---------------

Java Threads: ( => current thread )
  0x0000000016ca4000 JavaThread "pool-1-thread-4" [_thread_blocked, id=5268, stack(0x00000000179c0000,0x0000000017ac0000)]
  0x0000000016c9f800 JavaThread "pool-1-thread-3" [_thread_blocked, id=4208, stack(0x00000000178c0000,0x00000000179c0000)]
  0x0000000016c9a800 JavaThread "pool-1-thread-2" [_thread_blocked, id=2684, stack(0x00000000177c0000,0x00000000178c0000)]
  0x0000000016c97800 JavaThread "pool-2-thread-1" [_thread_blocked, id=4644, stack(0x00000000176c0000,0x00000000177c0000)]
  0x0000000016c97000 JavaThread "pool-1-thread-1" [_thread_in_Java, id=908, stack(0x00000000175c0000,0x00000000176c0000)]
  0x0000000016a71800 JavaThread "Service Thread" daemon [_thread_blocked, id=3580, stack(0x00000000173c0000,0x00000000174c0000)]
  0x0000000016a4e000 JavaThread "C1 CompilerThread3" daemon [_thread_blocked, id=7396, stack(0x00000000172c0000,0x00000000173c0000)]
=>0x0000000016a23800 JavaThread "C2 CompilerThread2" daemon [_thread_in_native, id=5640, stack(0x00000000171c0000,0x00000000172c0000)]
  0x00000000169f8000 JavaThread "C2 CompilerThread1" daemon [_thread_in_native, id=7616, stack(0x00000000170c0000,0x00000000171c0000)]
  0x00000000169e8000 JavaThread "C2 CompilerThread0" daemon [_thread_in_native, id=8684, stack(0x0000000016fc0000,0x00000000170c0000)]
  0x00000000169e5800 JavaThread "Attach Listener" daemon [_thread_blocked, id=8948, stack(0x0000000016ec0000,0x0000000016fc0000)]
  0x00000000169e4800 JavaThread "Signal Dispatcher" daemon [_thread_blocked, id=1168, stack(0x0000000016dc0000,0x0000000016ec0000)]
  0x0000000001e97800 JavaThread "Finalizer" daemon [_thread_blocked, id=5608, stack(0x00000000168b0000,0x00000000169b0000)]
  0x00000000149ec800 JavaThread "Reference Handler" daemon [_thread_blocked, id=7388, stack(0x00000000167b0000,0x00000000168b0000)]
  0x0000000001da1000 JavaThread "main" [_thread_blocked, id=7172, stack(0x0000000001c80000,0x0000000001d80000)]

Other Threads:
  0x00000000149e8800 VMThread [stack: 0x00000000166b0000,0x00000000167b0000] [id=9412]
  0x0000000016a72800 WatcherThread [stack: 0x00000000174c0000,0x00000000175c0000] [id=9556]

VM state:not at safepoint (normal execution)

VM Mutex/Monitor currently owned by a thread: None

Heap:
 PSYoungGen      total 38400K, used 7068K [0x00000000eab00000, 0x00000000ef600000, 0x0000000100000000)
  eden space 33280K, 5% used [0x00000000eab00000,0x00000000eace9420,0x00000000ecb80000)
  from space 5120K, 99% used [0x00000000ecb80000,0x00000000ed07dc98,0x00000000ed080000)
  to   space 5120K, 0% used [0x00000000ef100000,0x00000000ef100000,0x00000000ef600000)
 ParOldGen       total 87552K, used 1755K [0x00000000c0000000, 0x00000000c5580000, 0x00000000eab00000)
  object space 87552K, 2% used [0x00000000c0000000,0x00000000c01b6ce8,0x00000000c5580000)
 Metaspace       used 5778K, capacity 6832K, committed 7040K, reserved 1058816K
  class space    used 578K, capacity 616K, committed 640K, reserved 1048576K

Card table byte_map: [0x0000000011270000,0x0000000011480000] byte_map_base: 0x0000000010c70000

Marking Bits: (ParMarkBitMap*) 0x000000006b23d4f0
 Begin Bits: [0x0000000011de0000, 0x0000000012de0000)
 End Bits:   [0x0000000012de0000, 0x0000000013de0000)

Polling page: 0x0000000001d80000

CodeCache: size=245760Kb used=3384Kb max_used=3384Kb free=242375Kb
 bounds [0x0000000001eb0000, 0x0000000002200000, 0x0000000010eb0000]
 total_blobs=1114 nmethods=849 adapters=178
 compilation: disabled (not enough contiguous free space left)

Compilation events (10 events):
Event: 1.722 Thread 0x0000000016a4e000  735       3       com.android.dx.rop.code.BasicBlock::getFirstInsn (9 bytes)
Event: 1.722 Thread 0x0000000016a4e000 nmethod 735 0x00000000021931d0 code [0x0000000002193340, 0x0000000002193728]
Event: 1.722 Thread 0x0000000016a4e000  736       3       com.android.dx.rop.code.PlainInsn::getCatches (4 bytes)
Event: 1.723 Thread 0x0000000016a4e000 nmethod 736 0x0000000002195c10 code [0x0000000002195d60, 0x0000000002195eb0]
Event: 1.723 Thread 0x0000000016a4e000  737       3       com.android.dx.rop.code.Insn$BaseVisitor::visitPlainInsn (1 bytes)
Event: 1.723 Thread 0x0000000016a4e000 nmethod 737 0x0000000002195f50 code [0x00000000021960a0, 0x00000000021961f0]
Event: 1.723 Thread 0x00000000169e8000  738   !   4       com.android.dx.util.IntList::<init> (37 bytes)
Event: 1.724 Thread 0x0000000016a4e000  739       3       com.android.dx.rop.code.Insn::hashCode (5 bytes)
Event: 1.724 Thread 0x0000000016a4e000 nmethod 739 0x0000000002196650 code [0x00000000021967c0, 0x0000000002196948]
Event: 1.724 Thread 0x0000000016a4e000  741       3       com.android.dx.dex.code.RopTranslator$LocalVariableAwareTranslationVisitor::visitPlainInsn (11 bytes)

GC Heap History (0 events):
No events

Deoptimization events (0 events):
No events

Internal exceptions (10 events):
Event: 1.368 Thread 0x0000000016c97000 Exception <a 'java/security/PrivilegedActionException'> (0x00000000eb3c80c0) thrown at [C:\workspace\8-2-build-windows-amd64-cygwin\jdk8u31\2394\hotspot\src\share\vm\prims\jvm.cpp, line 1312]
Event: 1.369 Thread 0x0000000016c97000 Exception <a 'java/security/PrivilegedActionException'> (0x00000000eb3cab70) thrown at [C:\workspace\8-2-build-windows-amd64-cygwin\jdk8u31\2394\hotspot\src\share\vm\prims\jvm.cpp, line 1312]
Event: 1.370 Thread 0x0000000016c97000 Exception <a 'java/security/PrivilegedActionException'> (0x00000000eb3cf9e8) thrown at [C:\workspace\8-2-build-windows-amd64-cygwin\jdk8u31\2394\hotspot\src\share\vm\prims\jvm.cpp, line 1312]
Event: 1.371 Thread 0x0000000016c97000 Exception <a 'java/security/PrivilegedActionException'> (0x00000000eb3d3e08) thrown at [C:\workspace\8-2-build-windows-amd64-cygwin\jdk8u31\2394\hotspot\src\share\vm\prims\jvm.cpp, line 1312]
Event: 1.372 Thread 0x0000000016c97000 Exception <a 'java/security/PrivilegedActionException'> (0x00000000eb3d9100) thrown at [C:\workspace\8-2-build-windows-amd64-cygwin\jdk8u31\2394\hotspot\src\share\vm\prims\jvm.cpp, line 1312]
Event: 1.373 Thread 0x0000000016c9f800 Exception <a 'java/security/PrivilegedActionException'> (0x00000000eb1f8f88) thrown at [C:\workspace\8-2-build-windows-amd64-cygwin\jdk8u31\2394\hotspot\src\share\vm\prims\jvm.cpp, line 1312]
Event: 1.379 Thread 0x0000000016c9f800 Exception <a 'java/security/PrivilegedActionException'> (0x00000000eb205510) thrown at [C:\workspace\8-2-build-windows-amd64-cygwin\jdk8u31\2394\hotspot\src\share\vm\prims\jvm.cpp, line 1312]
Event: 1.381 Thread 0x0000000016c9f800 Exception <a 'java/security/PrivilegedActionException'> (0x00000000eb20b510) thrown at [C:\workspace\8-2-build-windows-amd64-cygwin\jdk8u31\2394\hotspot\src\share\vm\prims\jvm.cpp, line 1312]
Event: 1.383 Thread 0x0000000016ca4000 Exception <a 'java/security/PrivilegedActionException'> (0x00000000eb454a58) thrown at [C:\workspace\8-2-build-windows-amd64-cygwin\jdk8u31\2394\hotspot\src\share\vm\prims\jvm.cpp, line 1312]
Event: 1.654 Thread 0x0000000001da1000 Exception <a 'java/security/PrivilegedActionException'> (0x00000000eb667398) thrown at [C:\workspace\8-2-build-windows-amd64-cygwin\jdk8u31\2394\hotspot\src\share\vm\prims\jvm.cpp, line 1312]

Events (10 events):
Event: 1.609 loading class java/util/DualPivotQuicksort
Event: 1.609 loading class java/util/DualPivotQuicksort done
Event: 1.654 loading class com/android/dx/cf/attrib/AttEnclosingMethod
Event: 1.654 loading class com/android/dx/cf/attrib/AttEnclosingMethod done
Event: 1.692 loading class java/util/TreeMap$EntrySet
Event: 1.692 loading class java/util/TreeMap$EntrySet done
Event: 1.692 loading class java/util/TreeMap$EntryIterator
Event: 1.692 loading class java/util/TreeMap$EntryIterator done
Event: 1.715 loading class java/util/ArrayList$1
Event: 1.715 loading class java/util/ArrayList$1 done


Dynamic libraries:
0x00007ff6bec00000 - 0x00007ff6bec34000 	C:\Program Files\Java\jdk1.8.0_31\bin\java.exe
0x00007fff6e010000 - 0x00007fff6e1bd000 	C:\Windows\SYSTEM32\ntdll.dll
0x00007fff6d530000 - 0x00007fff6d66e000 	C:\Windows\system32\KERNEL32.DLL
0x00007fff6b450000 - 0x00007fff6b565000 	C:\Windows\system32\KERNELBASE.dll
0x00007fff69ca0000 - 0x00007fff69d2e000 	C:\Windows\system32\apphelp.dll
0x00007fff59fa0000 - 0x00007fff59ff3000 	C:\Windows\AppPatch\AppPatch64\AcGenral.DLL
0x00007fff6ba50000 - 0x00007fff6bafa000 	C:\Windows\system32\msvcrt.dll
0x00007fff6b5c0000 - 0x00007fff6b5ee000 	C:\Windows\system32\SspiCli.dll
0x00007fff6d670000 - 0x00007fff6d6c4000 	C:\Windows\system32\SHLWAPI.dll
0x00007fff6dc40000 - 0x00007fff6ddb7000 	C:\Windows\system32\USER32.dll
0x00007fff6b840000 - 0x00007fff6b9d4000 	C:\Windows\system32\ole32.dll
0x00007fff6bc40000 - 0x00007fff6d169000 	C:\Windows\system32\SHELL32.dll
0x00007fff6a570000 - 0x00007fff6a591000 	C:\Windows\SYSTEM32\USERENV.dll
0x00007fff6d8b0000 - 0x00007fff6d95a000 	C:\Windows\system32\ADVAPI32.dll
0x00007fff5d670000 - 0x00007fff5d68e000 	C:\Windows\SYSTEM32\MPR.dll
0x00007fff6bb00000 - 0x00007fff6bc40000 	C:\Windows\system32\RPCRT4.dll
0x00007fff6dbe0000 - 0x00007fff6dc39000 	C:\Windows\SYSTEM32\sechost.dll
0x00007fff6d960000 - 0x00007fff6db71000 	C:\Windows\SYSTEM32\combase.dll
0x00007fff6b6f0000 - 0x00007fff6b83f000 	C:\Windows\system32\GDI32.dll
0x00007fff6b140000 - 0x00007fff6b155000 	C:\Windows\SYSTEM32\profapi.dll
0x00007fff69bb0000 - 0x00007fff69c62000 	C:\Windows\SYSTEM32\SHCORE.dll
0x00007fff6b6b0000 - 0x00007fff6b6e6000 	C:\Windows\system32\IMM32.DLL
0x00007fff6dea0000 - 0x00007fff6dff2000 	C:\Windows\system32\MSCTF.dll
0x00007fff6b0f0000 - 0x00007fff6b121000 	C:\Windows\system32\nvinitx.dll
0x00007fff6b0e0000 - 0x00007fff6b0ea000 	C:\Windows\SYSTEM32\VERSION.dll
0x000000006ee90000 - 0x000000006ee96000 	C:\Program Files\NVIDIA Corporation\CoProcManager\_etoured.dll
0x00007fff68660000 - 0x00007fff68692000 	C:\Program Files\NVIDIA Corporation\CoProcManager\nvd3d9wrapx.dll
0x00007fff6d6d0000 - 0x00007fff6d8aa000 	C:\Windows\system32\SETUPAPI.dll
0x00007fff6b570000 - 0x00007fff6b5bf000 	C:\Windows\system32\CFGMGR32.dll
0x00007fff68630000 - 0x00007fff68652000 	C:\Program Files\NVIDIA Corporation\CoProcManager\nvdxgiwrapx.dll
0x00007fff691e0000 - 0x00007fff6945b000 	C:\Windows\WinSxS\amd64_microsoft.windows.common-controls_6595b64144ccf1df_6.0.9600.18006_none_623f33d3ecbe86e8\COMCTL32.dll
0x000000006b2c0000 - 0x000000006b392000 	C:\Program Files\Java\jdk1.8.0_31\jre\bin\msvcr100.dll
0x000000006aa60000 - 0x000000006b2ba000 	C:\Program Files\Java\jdk1.8.0_31\jre\bin\server\jvm.dll
0x00007fff63160000 - 0x00007fff63169000 	C:\Windows\SYSTEM32\WSOCK32.dll
0x00007fff68b80000 - 0x00007fff68ba2000 	C:\Windows\SYSTEM32\WINMM.dll
0x00007fff6e000000 - 0x00007fff6e007000 	C:\Windows\system32\PSAPI.DLL
0x00007fff6db80000 - 0x00007fff6dbda000 	C:\Windows\system32\WS2_32.dll
0x00007fff68b50000 - 0x00007fff68b7a000 	C:\Windows\SYSTEM32\WINMMBASE.dll
0x00007fff6b6a0000 - 0x00007fff6b6a9000 	C:\Windows\system32\NSI.dll
0x00007fff69f20000 - 0x00007fff69f48000 	C:\Windows\SYSTEM32\DEVOBJ.dll
0x000000006aa50000 - 0x000000006aa5f000 	C:\Program Files\Java\jdk1.8.0_31\jre\bin\verify.dll
0x000000006aa20000 - 0x000000006aa48000 	C:\Program Files\Java\jdk1.8.0_31\jre\bin\java.dll
0x000000006aa00000 - 0x000000006aa16000 	C:\Program Files\Java\jdk1.8.0_31\jre\bin\zip.dll
0x00007fff5eba0000 - 0x00007fff5ed29000 	C:\Windows\SYSTEM32\dbghelp.dll

VM Arguments:
jvm_args: -Xmx1024M -Dfile.encoding=windows-1252 -Duser.country=US -Duser.language=en -Duser.variant 
java_command: com.android.dx.command.Main --dex --num-threads=4 --output C:\Users\Ngoc Nguyen\Desktop\Android Project\MoonlightCafe\MoonlightCafe\app\build\intermediates\pre-dexed\debug\classes-eebff81f556aceb5511f07a1f50eda0c0dc73625.jar C:\Users\Ngoc Nguyen\Desktop\Android Project\MoonlightCafe\MoonlightCafe\app\build\intermediates\exploded-aar\com.google.android.gms\play-services-drive\7.8.0\jars\classes.jar
java_class_path (initial): D:\Android\sdk\build-tools\23.0.0\lib\dx.jar
Launcher Type: SUN_STANDARD

Environment Variables:
PATH=C:\ProgramData\Oracle\Java\javapath;C:\Windows\system32;C:\Windows;C:\Windows\System32\Wbem;C:\Windows\System32\WindowsPowerShell\v1.0\;C:\Program Files (x86)\NVIDIA Corporation\PhysX\Common;C:\Program Files\Java\jdk1.8.0_71\bin;C:\Program Files (x86)\Skype\Phone\;C:\Program Files\Microsoft SQL Server\120\Tools\Binn\;C:\Program Files\Microsoft SQL Server\130\Tools\Binn\;C:\Program Files (x86)\Windows Kits\10\Windows Performance Toolkit\;C:\Program Files (x86)\GtkSharp\2.12\bin;D:\nodejs\;C:\Users\Ngoc Nguyen\AppData\Roaming\npm
USERNAME=Ngoc Nguyen account
OS=Windows_NT
PROCESSOR_IDENTIFIER=Intel64 Family 6 Model 58 Stepping 9, GenuineIntel



---------------  S Y S T E M  ---------------

OS: Windows 8.1 , 64 bit Build 9600 

CPU:total 8 (4 cores per cpu, 2 threads per core) family 6 model 58 stepping 9, cmov, cx8, fxsr, mmx, sse, sse2, sse3, ssse3, sse4.1, sse4.2, popcnt, avx, aes, clmul, erms, ht, tsc, tscinvbit, tscinv

Memory: 4k page, physical 8271356k(1435916k free), swap 11417084k(32872k free)

vm_info: Java HotSpot(TM) 64-Bit Server VM (25.31-b07) for windows-amd64 JRE (1.8.0_31-b13), built on Dec 17 2014 21:00:28 by "java_re" with MS VC++ 10.0 (VS2010)

time: Sun Oct 02 21:48:15 2016
elapsed time: 2 seconds (0d 0h 0m 2s)

