#
# There is insufficient memory for the Java Runtime Environment to continue.
# Native memory allocation (malloc) failed to allocate 46256 bytes for Chunk::new
# Possible reasons:
#   The system is out of physical RAM or swap space
#   In 32 bit mode, the process size limit was hit
# Possible solutions:
#   Reduce memory load on the system
#   Increase physical memory or swap space
#   Check if swap backing store is full
#   Use 64 bit Java on a 64 bit OS
#   Decrease Java heap size (-Xmx/-Xms)
#   Decrease number of Java threads
#   Decrease Java thread stack sizes (-Xss)
#   Set larger code cache with -XX:ReservedCodeCacheSize=
# This output file may be truncated or incomplete.
#
#  Out of Memory Error (allocation.cpp:390), pid=6844, tid=5192
#
# JRE version: Java(TM) SE Runtime Environment (8.0_31-b13) (build 1.8.0_31-b13)
# Java VM: Java HotSpot(TM) 64-Bit Server VM (25.31-b07 mixed mode windows-amd64 compressed oops)
# Failed to write core dump. Minidumps are not enabled by default on client versions of Windows
#

---------------  T H R E A D  ---------------

Current thread (0x00000000170af000):  JavaThread "C2 CompilerThread1" daemon [_thread_in_native, id=5192, stack(0x0000000017740000,0x0000000017840000)]

Stack: [0x0000000017740000,0x0000000017840000]
Native frames: (J=compiled Java code, j=interpreted, Vv=VM code, C=native code)
V  [jvm.dll+0x3169ba]


Current CompileTask:
C2:   3354  876       4       com.android.dx.rop.code.RegisterSpecSet::mutableCopy (57 bytes)


---------------  P R O C E S S  ---------------

Java Threads: ( => current thread )
  0x0000000017331000 JavaThread "pool-1-thread-4" [_thread_in_vm, id=9228, stack(0x0000000018040000,0x0000000018140000)]
  0x0000000017330800 JavaThread "pool-1-thread-3" [_thread_in_Java, id=2644, stack(0x0000000017f40000,0x0000000018040000)]
  0x000000001732f800 JavaThread "pool-1-thread-2" [_thread_in_Java, id=7656, stack(0x0000000017e40000,0x0000000017f40000)]
  0x0000000017329000 JavaThread "pool-2-thread-1" [_thread_blocked, id=7700, stack(0x0000000017d40000,0x0000000017e40000)]
  0x0000000017321000 JavaThread "pool-1-thread-1" [_thread_in_Java, id=8204, stack(0x0000000017c40000,0x0000000017d40000)]
  0x00000000170f5800 JavaThread "Service Thread" daemon [_thread_blocked, id=6828, stack(0x0000000017a40000,0x0000000017b40000)]
  0x00000000170bd800 JavaThread "C1 CompilerThread3" daemon [_thread_in_native, id=7452, stack(0x0000000017940000,0x0000000017a40000)]
  0x00000000170b3000 JavaThread "C2 CompilerThread2" daemon [_thread_in_native, id=6096, stack(0x0000000017840000,0x0000000017940000)]
=>0x00000000170af000 JavaThread "C2 CompilerThread1" daemon [_thread_in_native, id=5192, stack(0x0000000017740000,0x0000000017840000)]
  0x0000000017068000 JavaThread "C2 CompilerThread0" daemon [_thread_blocked, id=9756, stack(0x0000000017640000,0x0000000017740000)]
  0x0000000017065800 JavaThread "Attach Listener" daemon [_thread_blocked, id=2536, stack(0x0000000017540000,0x0000000017640000)]
  0x0000000017064800 JavaThread "Signal Dispatcher" daemon [_thread_blocked, id=9732, stack(0x0000000017440000,0x0000000017540000)]
  0x0000000002538800 JavaThread "Finalizer" daemon [_thread_blocked, id=4720, stack(0x0000000016f40000,0x0000000017040000)]
  0x000000001505c800 JavaThread "Reference Handler" daemon [_thread_blocked, id=3132, stack(0x0000000016e40000,0x0000000016f40000)]
  0x0000000002441000 JavaThread "main" [_thread_in_Java, id=2656, stack(0x0000000002300000,0x0000000002400000)]

Other Threads:
  0x0000000015058800 VMThread [stack: 0x0000000016d40000,0x0000000016e40000] [id=7008]
  0x0000000017106800 WatcherThread [stack: 0x0000000017b40000,0x0000000017c40000] [id=4092]

VM state:not at safepoint (normal execution)

VM Mutex/Monitor currently owned by a thread: None

Heap:
 PSYoungGen      total 38400K, used 20272K [0x00000000eab00000, 0x00000000ed580000, 0x0000000100000000)
  eden space 33280K, 60% used [0x00000000eab00000,0x00000000ebecc260,0x00000000ecb80000)
  from space 5120K, 0% used [0x00000000ed080000,0x00000000ed080000,0x00000000ed580000)
  to   space 5120K, 0% used [0x00000000ecb80000,0x00000000ecb80000,0x00000000ed080000)
 ParOldGen       total 87552K, used 0K [0x00000000c0000000, 0x00000000c5580000, 0x00000000eab00000)
  object space 87552K, 0% used [0x00000000c0000000,0x00000000c0000000,0x00000000c5580000)
 Metaspace       used 5656K, capacity 6768K, committed 7040K, reserved 1056768K
  class space    used 577K, capacity 616K, committed 640K, reserved 1048576K

Card table byte_map: [0x0000000011900000,0x0000000011b10000] byte_map_base: 0x0000000011300000

Marking Bits: (ParMarkBitMap*) 0x000000006b23d4f0
 Begin Bits: [0x0000000012470000, 0x0000000013470000)
 End Bits:   [0x0000000013470000, 0x0000000014470000)

Polling page: 0x0000000000a90000

CodeCache: size=245760Kb used=3603Kb max_used=3603Kb free=242156Kb
 bounds [0x0000000002540000, 0x00000000028d0000, 0x0000000011540000]
 total_blobs=1204 nmethods=940 adapters=178
 compilation: enabled

Compilation events (10 events):
Event: 3.296 Thread 0x00000000170bd800 nmethod 792 0x0000000002823a50 code [0x0000000002823ba0, 0x0000000002823cb0]
Event: 3.296 Thread 0x00000000170bd800  879       3       com.android.dx.util.LabeledList::getMaxLabel (47 bytes)
Event: 3.297 Thread 0x00000000170bd800 nmethod 879 0x0000000002886210 code [0x00000000028863a0, 0x0000000002886818]
Event: 3.297 Thread 0x00000000170bd800  880       3       com.android.dx.util.IntList::shrink (42 bytes)
Event: 3.297 Thread 0x00000000170bd800 nmethod 880 0x0000000002886990 code [0x0000000002886b40, 0x0000000002887028]
Event: 3.297 Thread 0x00000000170bd800  831       1       com.android.dx.cf.attrib.AttCode::getMaxLocals (5 bytes)
Event: 3.297 Thread 0x00000000170bd800 nmethod 831 0x00000000028871d0 code [0x0000000002887320, 0x0000000002887430]
Event: 3.297 Thread 0x00000000170bd800  832       1       com.android.dx.cf.code.Ropper::access$100 (5 bytes)
Event: 3.297 Thread 0x00000000170bd800 nmethod 832 0x0000000002887490 code [0x00000000028875e0, 0x00000000028876d0]
Event: 3.297 Thread 0x00000000170bd800  833       1       com.android.dx.cf.code.ConcreteMethod::getLocalVariables (5 bytes)

GC Heap History (0 events):
No events

Deoptimization events (2 events):
Event: 2.850 Thread 0x000000001732f800 Uncommon trap: reason=null_assert action=make_not_entrant pc=0x0000000002757f10 method=com.android.dx.rop.code.RegisterSpec$ForComparison.equals(Ljava/lang/Object;)Z @ 27
Event: 3.289 Thread 0x0000000017330800 Uncommon trap: reason=null_check action=make_not_entrant pc=0x000000000281c3e0 method=com.android.dx.rop.type.Type.equals(Ljava/lang/Object;)Z @ 8

Internal exceptions (10 events):
Event: 2.835 Thread 0x0000000002441000 Exception <a 'java/security/PrivilegedActionException'> (0x00000000eb5d31e8) thrown at [C:\workspace\8-2-build-windows-amd64-cygwin\jdk8u31\2394\hotspot\src\share\vm\prims\jvm.cpp, line 1312]
Event: 2.843 Thread 0x0000000017330800 Exception <a 'java/security/PrivilegedActionException'> (0x00000000eb7003d8) thrown at [C:\workspace\8-2-build-windows-amd64-cygwin\jdk8u31\2394\hotspot\src\share\vm\prims\jvm.cpp, line 1312]
Event: 2.843 Thread 0x000000001732f800 Exception <a 'java/security/PrivilegedActionException'> (0x00000000eb28dd00) thrown at [C:\workspace\8-2-build-windows-amd64-cygwin\jdk8u31\2394\hotspot\src\share\vm\prims\jvm.cpp, line 1312]
Event: 2.845 Thread 0x000000001732f800 Exception <a 'java/security/PrivilegedActionException'> (0x00000000eb293a78) thrown at [C:\workspace\8-2-build-windows-amd64-cygwin\jdk8u31\2394\hotspot\src\share\vm\prims\jvm.cpp, line 1312]
Event: 2.846 Thread 0x0000000017330800 Exception <a 'java/security/PrivilegedActionException'> (0x00000000eb7081b8) thrown at [C:\workspace\8-2-build-windows-amd64-cygwin\jdk8u31\2394\hotspot\src\share\vm\prims\jvm.cpp, line 1312]
Event: 2.861 Thread 0x0000000017331000 Exception <a 'java/security/PrivilegedActionException'> (0x00000000eb698ce0) thrown at [C:\workspace\8-2-build-windows-amd64-cygwin\jdk8u31\2394\hotspot\src\share\vm\prims\jvm.cpp, line 1312]
Event: 3.017 Thread 0x0000000002441000 Exception <a 'java/security/PrivilegedActionException'> (0x00000000eb649e30) thrown at [C:\workspace\8-2-build-windows-amd64-cygwin\jdk8u31\2394\hotspot\src\share\vm\prims\jvm.cpp, line 1312]
Event: 3.214 Thread 0x0000000017330800 Exception <a 'java/security/PrivilegedActionException'> (0x00000000ebba1378) thrown at [C:\workspace\8-2-build-windows-amd64-cygwin\jdk8u31\2394\hotspot\src\share\vm\prims\jvm.cpp, line 1312]
Event: 3.215 Thread 0x0000000002441000 Exception <a 'java/security/PrivilegedActionException'> (0x00000000ebb602f0) thrown at [C:\workspace\8-2-build-windows-amd64-cygwin\jdk8u31\2394\hotspot\src\share\vm\prims\jvm.cpp, line 1312]
Event: 3.289 Thread 0x0000000017330800 Implicit null exception at 0x000000000281c2e2 to 0x000000000281c3d2

Events (10 events):
Event: 3.085 loading class java/util/DualPivotQuicksort done
Event: 3.214 loading class com/android/dx/rop/code/RegOps
Event: 3.214 loading class com/android/dx/rop/code/RegOps done
Event: 3.215 loading class com/android/dx/cf/attrib/AttLocalVariableTypeTable
Event: 3.215 loading class com/android/dx/cf/attrib/AttLocalVariableTypeTable done
Event: 3.241 Executing VM operation: ForceSafepoint
Event: 3.276 Executing VM operation: ForceSafepoint done
Event: 3.289 Thread 0x0000000017330800 Uncommon trap: trap_request=0xfffffff4 fr.pc=0x000000000281c3e0
Event: 3.289 Thread 0x0000000017330800 DEOPT PACKING pc=0x000000000281c3e0 sp=0x000000001803ec70
Event: 3.289 Thread 0x0000000017330800 DEOPT UNPACKING pc=0x000000000258556a sp=0x000000001803ebf8 mode 2


Dynamic libraries:
0x00007ff6bec00000 - 0x00007ff6bec34000 	C:\Program Files\Java\jdk1.8.0_31\bin\java.exe
0x00007fff6e010000 - 0x00007fff6e1bd000 	C:\Windows\SYSTEM32\ntdll.dll
0x00007fff6d530000 - 0x00007fff6d66e000 	C:\Windows\system32\KERNEL32.DLL
0x00007fff6b450000 - 0x00007fff6b565000 	C:\Windows\system32\KERNELBASE.dll
0x00007fff69ca0000 - 0x00007fff69d2e000 	C:\Windows\system32\apphelp.dll
0x00007fff59fa0000 - 0x00007fff59ff3000 	C:\Windows\AppPatch\AppPatch64\AcGenral.DLL
0x00007fff6ba50000 - 0x00007fff6bafa000 	C:\Windows\system32\msvcrt.dll
0x00007fff6b5c0000 - 0x00007fff6b5ee000 	C:\Windows\system32\SspiCli.dll
0x00007fff6d670000 - 0x00007fff6d6c4000 	C:\Windows\system32\SHLWAPI.dll
0x00007fff6dc40000 - 0x00007fff6ddb7000 	C:\Windows\system32\USER32.dll
0x00007fff6b840000 - 0x00007fff6b9d4000 	C:\Windows\system32\ole32.dll
0x00007fff6bc40000 - 0x00007fff6d169000 	C:\Windows\system32\SHELL32.dll
0x00007fff6a570000 - 0x00007fff6a591000 	C:\Windows\SYSTEM32\USERENV.dll
0x00007fff6d8b0000 - 0x00007fff6d95a000 	C:\Windows\system32\ADVAPI32.dll
0x00007fff5d670000 - 0x00007fff5d68e000 	C:\Windows\SYSTEM32\MPR.dll
0x00007fff6bb00000 - 0x00007fff6bc40000 	C:\Windows\system32\RPCRT4.dll
0x00007fff6dbe0000 - 0x00007fff6dc39000 	C:\Windows\SYSTEM32\sechost.dll
0x00007fff6d960000 - 0x00007fff6db71000 	C:\Windows\SYSTEM32\combase.dll
0x00007fff6b6f0000 - 0x00007fff6b83f000 	C:\Windows\system32\GDI32.dll
0x00007fff6b140000 - 0x00007fff6b155000 	C:\Windows\SYSTEM32\profapi.dll
0x00007fff69bb0000 - 0x00007fff69c62000 	C:\Windows\SYSTEM32\SHCORE.dll
0x00007fff6b6b0000 - 0x00007fff6b6e6000 	C:\Windows\system32\IMM32.DLL
0x00007fff6dea0000 - 0x00007fff6dff2000 	C:\Windows\system32\MSCTF.dll
0x00007fff6b0f0000 - 0x00007fff6b121000 	C:\Windows\system32\nvinitx.dll
0x00007fff6b0e0000 - 0x00007fff6b0ea000 	C:\Windows\SYSTEM32\VERSION.dll
0x000000006ee90000 - 0x000000006ee96000 	C:\Program Files\NVIDIA Corporation\CoProcManager\_etoured.dll
0x00007fff68660000 - 0x00007fff68692000 	C:\Program Files\NVIDIA Corporation\CoProcManager\nvd3d9wrapx.dll
0x00007fff6d6d0000 - 0x00007fff6d8aa000 	C:\Windows\system32\SETUPAPI.dll
0x00007fff6b570000 - 0x00007fff6b5bf000 	C:\Windows\system32\CFGMGR32.dll
0x00007fff68630000 - 0x00007fff68652000 	C:\Program Files\NVIDIA Corporation\CoProcManager\nvdxgiwrapx.dll
0x00007fff691e0000 - 0x00007fff6945b000 	C:\Windows\WinSxS\amd64_microsoft.windows.common-controls_6595b64144ccf1df_6.0.9600.18006_none_623f33d3ecbe86e8\COMCTL32.dll
0x000000006b2c0000 - 0x000000006b392000 	C:\Program Files\Java\jdk1.8.0_31\jre\bin\msvcr100.dll
0x000000006aa60000 - 0x000000006b2ba000 	C:\Program Files\Java\jdk1.8.0_31\jre\bin\server\jvm.dll
0x00007fff63160000 - 0x00007fff63169000 	C:\Windows\SYSTEM32\WSOCK32.dll
0x00007fff68b80000 - 0x00007fff68ba2000 	C:\Windows\SYSTEM32\WINMM.dll
0x00007fff6e000000 - 0x00007fff6e007000 	C:\Windows\system32\PSAPI.DLL
0x00007fff6db80000 - 0x00007fff6dbda000 	C:\Windows\system32\WS2_32.dll
0x00007fff68b50000 - 0x00007fff68b7a000 	C:\Windows\SYSTEM32\WINMMBASE.dll
0x00007fff6b6a0000 - 0x00007fff6b6a9000 	C:\Windows\system32\NSI.dll
0x00007fff69f20000 - 0x00007fff69f48000 	C:\Windows\SYSTEM32\DEVOBJ.dll
0x000000006aa50000 - 0x000000006aa5f000 	C:\Program Files\Java\jdk1.8.0_31\jre\bin\verify.dll
0x000000006aa20000 - 0x000000006aa48000 	C:\Program Files\Java\jdk1.8.0_31\jre\bin\java.dll
0x000000006aa00000 - 0x000000006aa16000 	C:\Program Files\Java\jdk1.8.0_31\jre\bin\zip.dll

VM Arguments:
jvm_args: -Xmx1024M -Dfile.encoding=windows-1252 -Duser.country=US -Duser.language=en -Duser.variant 
java_command: com.android.dx.command.Main --dex --num-threads=4 --output C:\Users\Ngoc Nguyen\Desktop\Android Project\MoonlightCafe\MoonlightCafe\app\build\intermediates\pre-dexed\debug\classes-2932e73474e20fd7d6cd6a880ce97c259e0900f4.jar C:\Users\Ngoc Nguyen\Desktop\Android Project\MoonlightCafe\MoonlightCafe\app\build\intermediates\exploded-aar\com.google.android.gms\play-services-base\7.8.0\jars\classes.jar
java_class_path (initial): D:\Android\sdk\build-tools\23.0.0\lib\dx.jar
Launcher Type: SUN_STANDARD

Environment Variables:
PATH=C:\ProgramData\Oracle\Java\javapath;C:\Windows\system32;C:\Windows;C:\Windows\System32\Wbem;C:\Windows\System32\WindowsPowerShell\v1.0\;C:\Program Files (x86)\NVIDIA Corporation\PhysX\Common;C:\Program Files\Java\jdk1.8.0_71\bin;C:\Program Files (x86)\Skype\Phone\;C:\Program Files\Microsoft SQL Server\120\Tools\Binn\;C:\Program Files\Microsoft SQL Server\130\Tools\Binn\;C:\Program Files (x86)\Windows Kits\10\Windows Performance Toolkit\;C:\Program Files (x86)\GtkSharp\2.12\bin;D:\nodejs\;C:\Users\Ngoc Nguyen\AppData\Roaming\npm
USERNAME=Ngoc Nguyen account
OS=Windows_NT
PROCESSOR_IDENTIFIER=Intel64 Family 6 Model 58 Stepping 9, GenuineIntel



---------------  S Y S T E M  ---------------

OS: Windows 8.1 , 64 bit Build 9600 

CPU:total 8 (4 cores per cpu, 2 threads per core) family 6 model 58 stepping 9, cmov, cx8, fxsr, mmx, sse, sse2, sse3, ssse3, sse4.1, sse4.2, popcnt, avx, aes, clmul, erms, ht, tsc, tscinvbit, tscinv

Memory: 4k page, physical 8271356k(1373276k free), swap 11417084k(5476k free)

vm_info: Java HotSpot(TM) 64-Bit Server VM (25.31-b07) for windows-amd64 JRE (1.8.0_31-b13), built on Dec 17 2014 21:00:28 by "java_re" with MS VC++ 10.0 (VS2010)

time: Sun Oct 02 21:48:12 2016
elapsed time: 3 seconds (0d 0h 0m 3s)

